Build started 05/28/19 9:46:15 PM.
     1>Project "C:\Users\risha\Documents\Visual Studio 2013\Projects\cli-excel Generic Data Type\cli-excel\cli-excel.vcxproj" on node 2 (Build target(s)).
     1>C:\Program Files (x86)\MSBuild\Microsoft.Cpp\v4.0\V120\Microsoft.CppBuild.targets(388,5): warning MSB8028: The intermediate directory (Debug\) contains files shared from another project (cli-excel Multiple Expression.vcxproj, cli-excel v2.0.vcxproj, cli-excel v3.0.vcxproj, cli-excel.vcxproj).  This can lead to incorrect clean and rebuild behavior.
     1>ClCompile:
         E:\Program Files (x86)\Microsoft Visual Studio 12.0\VC\bin\CL.exe /c /ZI /nologo /W3 /WX- /sdl /Od /Oy- /D _MBCS /Gm /EHsc /RTC1 /MDd /GS /fp:precise /Zc:wchar_t /Zc:forScope /Fo"Debug\\" /Fd"Debug\vc120.pdb" /Gd /TP /analyze- /errorReport:prompt parser.cpp
         parser.cpp
     1>c:\users\risha\documents\visual studio 2013\projects\cli-excel generic data type\cli-excel\excel.h(39): warning C4237: 'export' keyword is not yet supported, but reserved for future use
     1>c:\users\risha\documents\visual studio 2013\projects\cli-excel generic data type\cli-excel\parser.cpp(89): warning C4715: 'evaluateExpression' : not all control paths return a value
       Link:
         E:\Program Files (x86)\Microsoft Visual Studio 12.0\VC\bin\link.exe /ERRORREPORT:PROMPT /OUT:"C:\Users\risha\Documents\Visual Studio 2013\Projects\cli-excel Generic Data Type\Debug\cli-excel Generic Data type.exe" /INCREMENTAL /NOLOGO kernel32.lib user32.lib gdi32.lib winspool.lib comdlg32.lib advapi32.lib shell32.lib ole32.lib oleaut32.lib uuid.lib odbc32.lib odbccp32.lib /MANIFEST /MANIFESTUAC:"level='asInvoker' uiAccess='false'" /manifest:embed /DEBUG /PDB:"C:\Users\risha\Documents\Visual Studio 2013\Projects\cli-excel Generic Data Type\Debug\cli-excel Generic Data type.pdb" /TLBID:1 /DYNAMICBASE /NXCOMPAT /IMPLIB:"C:\Users\risha\Documents\Visual Studio 2013\Projects\cli-excel Generic Data Type\Debug\cli-excel Generic Data type.lib" /MACHINE:X86 Debug\cli.obj
         Debug\excel.obj
         Debug\expression_parser.obj
         Debug\main.obj
         Debug\parser.obj
         Debug\queue.obj
         Debug\stack.obj
         cli-excel.vcxproj -> C:\Users\risha\Documents\Visual Studio 2013\Projects\cli-excel Generic Data Type\Debug\cli-excel Generic Data type.exe
     1>Done Building Project "C:\Users\risha\Documents\Visual Studio 2013\Projects\cli-excel Generic Data Type\cli-excel\cli-excel.vcxproj" (Build target(s)).

Build succeeded.

Time Elapsed 00:00:01.73
