Build started 05/30/19 6:06:49 PM.
     1>Project "C:\Users\risha\documents\visual studio 2013\Projects\30052019\30052019\30052019.vcxproj" on node 2 (Build target(s)).
     1>C:\Program Files (x86)\MSBuild\Microsoft.Cpp\v4.0\V120\Microsoft.CppBuild.targets(388,5): warning MSB8028: The intermediate directory (Debug\) contains files shared from another project (30052019.vcxproj).  This can lead to incorrect clean and rebuild behavior.
     1>ClCompile:
         E:\Program Files (x86)\Microsoft Visual Studio 12.0\VC\bin\CL.exe /c /ZI /nologo /W3 /WX- /sdl /Od /Oy- /D _MBCS /D _MBCS /D _CRT_SECURE_NO_WARNINGS /Gm /EHsc /RTC1 /MDd /GS /fp:precise /Zc:wchar_t /Zc:forScope /Fo"Debug\\" /Fd"Debug\vc120.pdb" /Gd /TP /analyze- /errorReport:prompt command_parser.cpp main.cpp
         command_parser.cpp
     1>c:\users\risha\documents\visual studio 2013\projects\30052019\30052019\command_parser.h(3): warning C4005: '_CRT_SECURE_NO_WARNINGS' : macro redefinition
                 command-line arguments :  see previous definition of '_CRT_SECURE_NO_WARNINGS'
         Generating Code...
         Skipping... (no relevant changes detected)
         main.cpp
       Link:
         E:\Program Files (x86)\Microsoft Visual Studio 12.0\VC\bin\link.exe /ERRORREPORT:PROMPT /OUT:"C:\Users\risha\documents\visual studio 2013\Projects\30052019\Debug\filesystem v1.exe" /INCREMENTAL /NOLOGO kernel32.lib user32.lib gdi32.lib winspool.lib comdlg32.lib advapi32.lib shell32.lib ole32.lib oleaut32.lib uuid.lib odbc32.lib odbccp32.lib /MANIFEST /MANIFESTUAC:"level='asInvoker' uiAccess='false'" /manifest:embed /DEBUG /PDB:"C:\Users\risha\documents\visual studio 2013\Projects\30052019\Debug\filesystem v1.pdb" /TLBID:1 /DYNAMICBASE /NXCOMPAT /IMPLIB:"C:\Users\risha\documents\visual studio 2013\Projects\30052019\Debug\filesystem v1.lib" /MACHINE:X86 Debug\cli.obj
         Debug\command_parser.obj
         Debug\file_system.obj
         Debug\main.obj
         30052019.vcxproj -> C:\Users\risha\documents\visual studio 2013\Projects\30052019\Debug\filesystem v1.exe
     1>Done Building Project "C:\Users\risha\documents\visual studio 2013\Projects\30052019\30052019\30052019.vcxproj" (Build target(s)).

Build succeeded.

Time Elapsed 00:00:04.00
