Build started 06/01/19 10:12:01 PM.
     1>Project "C:\Users\risha\Documents\Visual Studio 2013\Projects\compiler\compiler\compiler.vcxproj" on node 2 (Build target(s)).
     1>ClCompile:
         E:\Program Files (x86)\Microsoft Visual Studio 12.0\VC\bin\CL.exe /c /Zi /nologo /W3 /WX- /sdl /O2 /Oi /Oy- /GL /D _MBCS /Gm- /EHsc /MD /GS /Gy /fp:precise /Zc:wchar_t /Zc:forScope /Fo"Release\\" /Fd"Release\vc120.pdb" /Gd /TP /analyze- /errorReport:prompt compiler.cpp symbol_table.cpp tokenizer.cpp util.cpp
         compiler.cpp
     1>compiler.cpp(16): warning C4101: 'buf' : unreferenced local variable
     1>compiler.cpp(61): warning C4018: '<' : signed/unsigned mismatch
     1>compiler.cpp(100): warning C4244: '=' : conversion from '__int64' to 'unsigned int', possible loss of data
     1>compiler.cpp(104): warning C4244: '=' : conversion from '__int64' to 'unsigned int', possible loss of data
     1>compiler.cpp(136): warning C4244: '=' : conversion from '__int64' to 'unsigned int', possible loss of data
     1>compiler.cpp(239): error C4996: 'sscanf': This function or variable may be unsafe. Consider using sscanf_s instead. To disable deprecation, use _CRT_SECURE_NO_WARNINGS. See online help for details.
                 E:\Program Files (x86)\Microsoft Visual Studio 12.0\VC\include\stdio.h(304) : see declaration of 'sscanf'
         symbol_table.cpp
     1>symbol_table.cpp(21): error C4996: 'strtok': This function or variable may be unsafe. Consider using strtok_s instead. To disable deprecation, use _CRT_SECURE_NO_WARNINGS. See online help for details.
                 E:\Program Files (x86)\Microsoft Visual Studio 12.0\VC\include\string.h(204) : see declaration of 'strtok'
     1>symbol_table.cpp(47): error C4996: 'strcpy': This function or variable may be unsafe. Consider using strcpy_s instead. To disable deprecation, use _CRT_SECURE_NO_WARNINGS. See online help for details.
                 E:\Program Files (x86)\Microsoft Visual Studio 12.0\VC\include\string.h(112) : see declaration of 'strcpy'
         tokenizer.cpp
     1>tokenizer.cpp(8): error C4996: 'strtok': This function or variable may be unsafe. Consider using strtok_s instead. To disable deprecation, use _CRT_SECURE_NO_WARNINGS. See online help for details.
                 E:\Program Files (x86)\Microsoft Visual Studio 12.0\VC\include\string.h(204) : see declaration of 'strtok'
     1>tokenizer.cpp(12): error C4996: 'strcpy': This function or variable may be unsafe. Consider using strcpy_s instead. To disable deprecation, use _CRT_SECURE_NO_WARNINGS. See online help for details.
                 E:\Program Files (x86)\Microsoft Visual Studio 12.0\VC\include\string.h(112) : see declaration of 'strcpy'
         util.cpp
     1>util.cpp(8): error C4996: 'strcpy': This function or variable may be unsafe. Consider using strcpy_s instead. To disable deprecation, use _CRT_SECURE_NO_WARNINGS. See online help for details.
                 E:\Program Files (x86)\Microsoft Visual Studio 12.0\VC\include\string.h(112) : see declaration of 'strcpy'
     1>Done Building Project "C:\Users\risha\Documents\Visual Studio 2013\Projects\compiler\compiler\compiler.vcxproj" (Build target(s)) -- FAILED.

Build FAILED.

Time Elapsed 00:00:01.53
