Build started 06/01/19 11:30:36 PM.
     1>Project "C:\Users\risha\Documents\Visual Studio 2013\Projects\compiler\compiler-filesystem\compiler-filesystem.vcxproj" on node 2 (Build target(s)).
     1>ClCompile:
         E:\Program Files (x86)\Microsoft Visual Studio 12.0\VC\bin\CL.exe /c /ZI /nologo /W3 /WX- /sdl /Od /Oy- /D _MBCS /D _MBCS /D _CRT_SECURE_NO_WARNINGS /Gm /EHsc /RTC1 /MDd /GS /fp:precise /Zc:wchar_t /Zc:forScope /Fo"Debug\\" /Fd"Debug\vc120.pdb" /Gd /TP /analyze- /errorReport:prompt main.cpp
         main.cpp
       Link:
         E:\Program Files (x86)\Microsoft Visual Studio 12.0\VC\bin\link.exe /ERRORREPORT:PROMPT /OUT:"C:\Users\risha\Documents\Visual Studio 2013\Projects\compiler\Debug\compiler-filesystem.exe" /INCREMENTAL /NOLOGO kernel32.lib user32.lib gdi32.lib winspool.lib comdlg32.lib advapi32.lib shell32.lib ole32.lib oleaut32.lib uuid.lib odbc32.lib odbccp32.lib /MANIFEST /MANIFESTUAC:"level='asInvoker' uiAccess='false'" /manifest:embed /DEBUG /PDB:"C:\Users\risha\Documents\Visual Studio 2013\Projects\compiler\Debug\compiler-filesystem.pdb" /TLBID:1 /DYNAMICBASE /NXCOMPAT /IMPLIB:"C:\Users\risha\Documents\Visual Studio 2013\Projects\compiler\Debug\compiler-filesystem.lib" /MACHINE:X86 Debug\compiler.obj
         Debug\diskio.obj
         Debug\filesystem.obj
         Debug\intermediate_code.obj
         Debug\label_table.obj
         Debug\main.obj
         Debug\register.obj
         Debug\sanity_wrappers.obj
         Debug\stack.obj
         Debug\symbol_table.obj
         Debug\tokenizer.obj
         Debug\util.obj
         compiler-filesystem.vcxproj -> C:\Users\risha\Documents\Visual Studio 2013\Projects\compiler\Debug\compiler-filesystem.exe
     1>Done Building Project "C:\Users\risha\Documents\Visual Studio 2013\Projects\compiler\compiler-filesystem\compiler-filesystem.vcxproj" (Build target(s)).

Build succeeded.

Time Elapsed 00:00:02.13
