Build started 06/01/19 10:02:44 PM.
     1>Project "C:\Users\risha\Documents\Visual Studio 2013\Projects\compiler\compiler-filesystem\compiler-filesystem.vcxproj" on node 3 (Build target(s)).
     1>Link:
         E:\Program Files (x86)\Microsoft Visual Studio 12.0\VC\bin\link.exe /ERRORREPORT:PROMPT /OUT:"C:\Users\risha\Documents\Visual Studio 2013\Projects\compiler\Release\compiler-filesystem.exe" /NOLOGO kernel32.lib user32.lib gdi32.lib winspool.lib comdlg32.lib advapi32.lib shell32.lib ole32.lib oleaut32.lib uuid.lib odbc32.lib odbccp32.lib /MANIFEST /MANIFESTUAC:"level='asInvoker' uiAccess='false'" /manifest:embed /DEBUG /PDB:"C:\Users\risha\Documents\Visual Studio 2013\Projects\compiler\Release\compiler-filesystem.pdb" /OPT:REF /OPT:ICF /LTCG /TLBID:1 /DYNAMICBASE /NXCOMPAT /IMPLIB:"C:\Users\risha\Documents\Visual Studio 2013\Projects\compiler\Release\compiler-filesystem.lib" /MACHINE:X86 /SAFESEH Release\compiler.obj
         Release\diskio.obj
         Release\filesystem.obj
         Release\intermediate_code.obj
         Release\label_table.obj
         Release\main.obj
         Release\register.obj
         Release\sanity_wrappers.obj
         Release\stack.obj
         Release\symbol_table.obj
         Release\tokenizer.obj
         Generating code
     1>c:\users\risha\documents\visual studio 2013\projects\compiler\compiler-filesystem\register.cpp(17): warning C4715: 'getRegisterCode' : not all control paths return a value
     1>c:\users\risha\documents\visual studio 2013\projects\compiler\compiler-filesystem\label_table.cpp(25): warning C4715: 'findLabel' : not all control paths return a value
         Finished generating code
         compiler-filesystem.vcxproj -> C:\Users\risha\Documents\Visual Studio 2013\Projects\compiler\Release\compiler-filesystem.exe
     1>Done Building Project "C:\Users\risha\Documents\Visual Studio 2013\Projects\compiler\compiler-filesystem\compiler-filesystem.vcxproj" (Build target(s)).

Build succeeded.

Time Elapsed 00:00:07.37
