Build started 05/30/19 10:14:53 PM.
     1>Project "C:\Users\risha\documents\visual studio 2013\Projects\30052019\filesystem v2\filesystem v2.vcxproj" on node 2 (Build target(s)).
     1>ClCompile:
         E:\Program Files (x86)\Microsoft Visual Studio 12.0\VC\bin\CL.exe /c /ZI /nologo /W3 /WX- /sdl /Od /Oy- /D _MBCS /D _MBCS /D _CRT_SECURE_NO_WARNINGS /Gm /EHsc /RTC1 /MDd /GS /fp:precise /Zc:wchar_t /Zc:forScope /Fo"Debug\\" /Fd"Debug\vc120.pdb" /Gd /TP /analyze- /errorReport:prompt cli.cpp
         cli.cpp
     1>c:\users\risha\documents\visual studio 2013\projects\30052019\filesystem v2\command_parser.h(3): warning C4005: '_CRT_SECURE_NO_WARNINGS' : macro redefinition
                 command-line arguments :  see previous definition of '_CRT_SECURE_NO_WARNINGS'
     1>c:\users\risha\documents\visual studio 2013\projects\30052019\filesystem v2\cli.cpp(12): warning C4101: 'itr1' : unreferenced local variable
     1>c:\users\risha\documents\visual studio 2013\projects\30052019\filesystem v2\cli.cpp(12): warning C4101: 'workingHoursStartTime' : unreferenced local variable
     1>c:\users\risha\documents\visual studio 2013\projects\30052019\filesystem v2\cli.cpp(12): warning C4101: 'startDay' : unreferenced local variable
     1>c:\users\risha\documents\visual studio 2013\projects\30052019\filesystem v2\cli.cpp(12): warning C4101: 'itr2' : unreferenced local variable
     1>c:\users\risha\documents\visual studio 2013\projects\30052019\filesystem v2\cli.cpp(12): warning C4101: 'workingHoursEndTime' : unreferenced local variable
       Link:
         E:\Program Files (x86)\Microsoft Visual Studio 12.0\VC\bin\link.exe /ERRORREPORT:PROMPT /OUT:"C:\Users\risha\documents\visual studio 2013\Projects\30052019\Debug\filesystem v2.exe" /INCREMENTAL /NOLOGO kernel32.lib user32.lib gdi32.lib winspool.lib comdlg32.lib advapi32.lib shell32.lib ole32.lib oleaut32.lib uuid.lib odbc32.lib odbccp32.lib /MANIFEST /MANIFESTUAC:"level='asInvoker' uiAccess='false'" /manifest:embed /DEBUG /PDB:"C:\Users\risha\documents\visual studio 2013\Projects\30052019\Debug\filesystem v2.pdb" /TLBID:1 /DYNAMICBASE /NXCOMPAT /IMPLIB:"C:\Users\risha\documents\visual studio 2013\Projects\30052019\Debug\filesystem v2.lib" /MACHINE:X86 Debug\cli.obj
         Debug\command_parser.obj
         Debug\file_system.obj
         Debug\main.obj
         filesystem v2.vcxproj -> C:\Users\risha\documents\visual studio 2013\Projects\30052019\Debug\filesystem v2.exe
     1>Done Building Project "C:\Users\risha\documents\visual studio 2013\Projects\30052019\filesystem v2\filesystem v2.vcxproj" (Build target(s)).

Build succeeded.

Time Elapsed 00:00:01.06
